<?xml version="1.0" encoding="UTF-8"?>
<!-- Generated by org.testng.reporters.JUnitXMLReporter -->
<testsuite hostname="DESKTOP-UELBI65" name="Default test" tests="3" failures="0" timestamp="30 Mar 2021 06:45:08 GMT" time="0.046" errors="0">
  <testcase name="createleadTest" time="0.0" classname="com.gitpractice.patron.crm.LeadTest"/>
  <testcase name="deleteleadTest" time="0.015" classname="com.gitpractice.patron.crm.LeadTest"/>
  <testcase name="modifyleadTest" time="0.0" classname="com.gitpractice.patron.crm.LeadTest"/>
</testsuite> <!-- Default test -->
